"../../../The_Ordinary_Odyssey/Content/Assets/Youwin1.uasset" 0
"../../../The_Ordinary_Odyssey/Content/Audio/404151__mattix__8bit-select-01.uasset" 1
"../../../The_Ordinary_Odyssey/Content/Pictures/Background2.uasset" 2
"../../../The_Ordinary_Odyssey/Content/Pictures/Blurry_LivingRoom.uasset" 3
"../../../The_Ordinary_Odyssey/Content/Pictures/Blurry_LivingRoom_Sprite.uasset" 4
"../../../The_Ordinary_Odyssey/Content/Pictures/image.uasset" 5
"../../../The_Ordinary_Odyssey/Content/Pictures/image_Sprite.uasset" 6
"../../../Engine/Plugins/2D/Paper2D/Content/DefaultSpriteMaterial.uasset" 7
"../../../Engine/Plugins/2D/Paper2D/Content/TranslucentUnlitSpriteMaterial.uasset" 8
"../../../The_Ordinary_Odyssey/Content/Pictures/KitchenDoor_Clean.uasset" 9
"../../../The_Ordinary_Odyssey/Content/Pictures/KitchenDoor_Clean_Sprite.uasset" 10
"../../../The_Ordinary_Odyssey/Content/Pictures/Rectangle_Button.uasset" 11
"../../../The_Ordinary_Odyssey/Content/Pictures/Rectangle_Button_Sprite.uasset" 12
"../../../The_Ordinary_Odyssey/Content/Pictures/Sticky_Note2.uasset" 13
"../../../The_Ordinary_Odyssey/Content/Pictures/Sticky_Note2_Sprite.uasset" 14
"../../../The_Ordinary_Odyssey/Content/Pictures/Sticky_Note3.uasset" 15
"../../../The_Ordinary_Odyssey/Content/Pictures/Sticky_Note.uasset" 16
"../../../The_Ordinary_Odyssey/Content/Pictures/Sticky_Note_Sprite.uasset" 17
"../../../The_Ordinary_Odyssey/Content/Pictures/The_Ordinary_Odyssey_Poster_Transparent.uasset" 18
"../../../The_Ordinary_Odyssey/Content/Pictures/The_Ordinary_Odyssey_Poster_Transparent_Sprite.uasset" 19
"../../../The_Ordinary_Odyssey/Content/Pictures/Vacuum_Normal.uasset" 20
"../../../The_Ordinary_Odyssey/Content/Pictures/Vacuum_Normal_Sprite.uasset" 21
"../../../The_Ordinary_Odyssey/Content/Pictures/X_Button.uasset" 22
"../../../The_Ordinary_Odyssey/Content/Pictures/X_Button_Sprite.uasset" 23
"../../../Engine/Content/Functions/Engine_MaterialFunctions01/Opacity/CameraDepthFade.uasset" 24
"../../../Engine/Content/EngineMaterials/T_Default_Material_Grid_M.uasset" 25
"../../../Engine/Content/EngineMaterials/T_Default_Material_Grid_N.uasset" 26
"../../../Engine/Content/EngineMaterials/DefaultMaterial.uasset" 27
"../../../Engine/Content/BasicShapes/Cone.uasset" 28
"../../../Engine/Content/EngineMaterials/WorldGridMaterial.uasset" 29
"../../../Engine/Content/BasicShapes/Cube.uasset" 30
"../../../Engine/Content/BasicShapes/Cylinder.uasset" 31
"../../../Engine/Content/BasicShapes/Plane.uasset" 32
"../../../Engine/Content/BasicShapes/Sphere.uasset" 33
"../../../Engine/Content/EditorLandscapeResources/DataLayer.uasset" 34
"../../../Engine/Content/EditorMaterials/GizmoMaterial.uasset" 35
"../../../Engine/Content/EditorMaterials/MAT_Groups_Toggle.uasset" 36
"../../../Engine/Content/EditorMaterials/MAT_Groups_Visibility.uasset" 37
"../../../Engine/Content/EditorMaterials/PreviewShadowIndicator.uasset" 38
"../../../Engine/Content/EditorMaterials/PreviewShadowIndicatorMaterial.uasset" 39
"../../../Engine/Content/EditorMaterials/MatineeGroups/MAT_ColorTrack.uasset" 40
"../../../Engine/Content/EditorMaterials/MatineeGroups/MAT_Groups_Anim.uasset" 41
"../../../Engine/Content/EditorMaterials/MatineeGroups/MAT_Groups_AudioMaster.uasset" 42
"../../../Engine/Content/EditorMaterials/MatineeGroups/MAT_Groups_Director.uasset" 43
"../../../Engine/Content/EditorMaterials/MatineeGroups/MAT_Groups_Event.uasset" 44
"../../../Engine/Content/EditorMaterials/MatineeGroups/MAT_Groups_Fade.uasset" 45
"../../../Engine/Content/EditorMaterials/MatineeGroups/MAT_Groups_Float.uasset" 46
"../../../Engine/Content/EditorMaterials/MatineeGroups/MAT_Groups_Move.uasset" 47
"../../../Engine/Content/EditorMaterials/MatineeGroups/MAT_Groups_Slomo.uasset" 48
"../../../Engine/Content/EditorMaterials/MatineeGroups/MAT_Groups_Sound.uasset" 49
"../../../Engine/Content/EditorMaterials/MatineeGroups/MAT_Groups_Vector.uasset" 50
"../../../Engine/Content/EditorMaterials/ParticleSystems/PSysThumbnail_NoImage.uasset" 51
"../../../Engine/Content/EditorMaterials/ParticleSystems/PSysThumbnail_OOD.uasset" 52
"../../../Engine/Content/EditorMaterials/Camera/CineMat.uasset" 53
"../../../Engine/Content/EditorMaterials/Camera/MI_CineMat_Rig.uasset" 54
"../../../Engine/Content/EditorMeshes/Camera/SM_CraneRig_Arm.uasset" 55
"../../../Engine/Content/EditorMeshes/Camera/SM_CraneRig_Base.uasset" 56
"../../../Engine/Content/EditorMeshes/Camera/SM_CraneRig_Body.uasset" 57
"../../../Engine/Content/EditorMeshes/Camera/SM_CraneRig_Mount.uasset" 58
"../../../Engine/Content/EditorMeshes/Camera/SM_RailRig_Mount.uasset" 59
"../../../Engine/Content/EditorMeshes/Camera/SM_RailRig_Track.uasset" 60
"../../../Engine/Content/EditorMeshes/ColorCalibrator/M_ChromeBall.uasset" 61
"../../../Engine/Content/EditorMeshes/ColorCalibrator/M_ClearCoat.uasset" 62
"../../../Engine/Content/EditorMeshes/ColorCalibrator/M_ClearCoatBlack.uasset" 63
"../../../Engine/Content/EditorMeshes/ColorCalibrator/Color_checker.uasset" 64
"../../../Engine/Content/EditorMeshes/ColorCalibrator/M_ColorGrid.uasset" 65
"../../../Engine/Content/EditorMeshes/ColorCalibrator/M_GreyBall.uasset" 66
"../../../Engine/Content/EditorMeshes/ColorCalibrator/SM_ColorCalibrator.uasset" 67
"../../../Engine/Content/EditorResources/BSPVertex.uasset" 68
"../../../Engine/Content/EditorResources/EmptyActor.uasset" 69
"../../../Engine/Content/EditorResources/S_Actor.uasset" 70
"../../../Engine/Content/EditorResources/S_Trigger.uasset" 71
"../../../Engine/Content/EditorResources/AudioIcons/S_AudioComponent_AutoActivate.uasset" 72
"../../../Engine/Content/EditorResources/SequenceRecorder/Countdown.uasset" 73
"../../../Engine/Content/EditorResources/SequenceRecorder/RecordingIndicator.uasset" 74
"../../../Engine/Content/EditorSounds/Notifications/CompileFailed.uasset" 75
"../../../Engine/Content/EditorSounds/Notifications/CompileFailed_Cue.uasset" 76
"../../../Engine/Content/EditorSounds/Notifications/CompileSuccess.uasset" 77
"../../../Engine/Content/EditorSounds/Notifications/CompileStart_Cue.uasset" 78
"../../../Engine/Content/EditorSounds/Notifications/CompileSuccess_Cue.uasset" 79
"../../../Engine/Content/EngineDamageTypes/DmgTypeBP_Environmental.uasset" 80
"../../../Engine/Content/EngineDebugMaterials/HeatmapGradient.uasset" 81
"../../../Engine/Content/EngineDebugMaterials/BoneWeightMaterial.uasset" 82
"../../../Engine/Content/EngineDebugMaterials/ClothMaterial.uasset" 83
"../../../Engine/Content/EngineDebugMaterials/ClothMaterial_WF.uasset" 84
"../../../Engine/Content/EngineDebugMaterials/DebugEditorMaterial.uasset" 85
"../../../Engine/Content/EngineDebugMaterials/DebugMeshMaterial.uasset" 86
"../../../Engine/Content/EngineDebugMaterials/GeomMaterial.uasset" 87
"../../../Engine/Content/EngineFonts/Faces/RobotoBold.uasset" 88
"../../../Engine/Content/EngineFonts/Faces/RobotoBoldItalic.uasset" 89
"../../../Engine/Content/EngineFonts/Faces/RobotoItalic.uasset" 90
"../../../Engine/Content/EngineFonts/Faces/RobotoLight.uasset" 91
"../../../Engine/Content/EngineFonts/Faces/RobotoRegular.uasset" 92
"../../../Engine/Content/EngineFonts/Roboto.uasset" 93
"../../../Engine/Content/EngineFonts/Faces/RobotoTiny.uasset" 94
"../../../Engine/Content/EngineFonts/RobotoTiny.uasset" 95
"../../../Engine/Content/EngineMaterials/DefaultBloomKernel.uasset" 96
"../../../Engine/Content/EngineMaterials/DefaultBokeh.uasset" 97
"../../../Engine/Content/EngineMaterials/DefaultDiffuse.uasset" 98
"../../../Engine/Content/EngineMaterials/DefaultDeferredDecalMaterial.uasset" 99
"../../../Engine/Content/EngineMaterials/DefaultLightFunctionMaterial.uasset" 100
"../../../Engine/Content/EngineMaterials/DefaultPhysicalMaterial.uasset" 101
"../../../Engine/Content/Functions/Engine_MaterialFunctions02/Utility/BreakOutFloat2Components.uasset" 102
"../../../Engine/Content/EngineMaterials/DefaultPostProcessMaterial.uasset" 103
"../../../Engine/Content/EngineFonts/RobotoDistanceField.uasset" 104
"../../../Engine/Content/EngineMaterials/DefaultTextMaterialOpaque.uasset" 105
"../../../Engine/Content/EngineMaterials/DefaultWhiteGrid.uasset" 106
"../../../Engine/Content/EngineMaterials/EditorBrushMaterial.uasset" 107
"../../../Engine/Content/EngineMaterials/Good64x64TilingNoiseHighFreq.uasset" 108
"../../../Engine/Content/EngineMaterials/MiniFont.uasset" 109
"../../../Engine/Content/EngineMaterials/InvalidLightmapSettings.uasset" 110
"../../../Engine/Content/EngineMaterials/M_InvalidLightmapSettings.uasset" 111
"../../../Engine/Content/Functions/Engine_MaterialFunctions02/WorldPositionOffset/CameraOffset.uasset" 112
"../../../Engine/Content/EngineMaterials/PhAT_JointLimitMaterial.uasset" 113
"../../../Engine/Content/EngineMaterials/PreintegratedSkinBRDF.uasset" 114
"../../../Engine/Content/EngineMaterials/RemoveSurfaceMaterial.uasset" 115
"../../../Engine/Content/EngineMaterials/WeightMapPlaceholderTexture.uasset" 116
"../../../Engine/Content/EngineResources/WhiteSquareTexture.uasset" 117
"../../../Engine/Content/EngineMaterials/Widget3DPassThrough.uasset" 118
"../../../Engine/Content/EngineMaterials/Widget3DPassThrough_Masked.uasset" 119
"../../../Engine/Content/EngineMaterials/Widget3DPassThrough_Opaque.uasset" 120
"../../../Engine/Content/EngineMaterials/Widget3DPassThrough_Masked_OneSided.uasset" 121
"../../../Engine/Content/EngineMaterials/Widget3DPassThrough_Opaque_OneSided.uasset" 122
"../../../Engine/Content/EngineMaterials/Widget3DPassThrough_Translucent.uasset" 123
"../../../Engine/Content/EngineMaterials/Widget3DPassThrough_Translucent_OneSided.uasset" 124
"../../../Engine/Content/EngineMeshes/Cube.uasset" 125
"../../../Engine/Content/EngineMeshes/Cylinder.uasset" 126
"../../../Engine/Content/EngineMeshes/Sphere.uasset" 127
"../../../Engine/Content/EngineResources/Black.uasset" 128
"../../../Engine/Content/EngineResources/DefaultTexture.uasset" 129
"../../../Engine/Content/EngineResources/DefaultTextureCube.uasset" 130
"../../../Engine/Content/EngineResources/GradientTexture0.uasset" 131
"../../../Engine/Content/EngineSounds/Master.uasset" 132
"../../../Engine/Content/Functions/Engine_MaterialFunctions01/Shading/ConvertFromDiffSpec.uasset" 133
"../../../Engine/Content/Functions/Engine_MaterialFunctions01/Shading/PowerToRoughness.uasset" 134
"../../../Engine/Content/Maps/Templates/Thumbnails/Default.uasset" 135
"../../../Engine/Content/Maps/Templates/Thumbnails/VR-Basic.uasset" 136
"../../../Engine/Content/MobileResources/T_MobileControls_texture.uasset" 137
"../../../Engine/Content/MobileResources/T_MobileMenu2.uasset" 138
"../../../Engine/Content/MobileResources/HUD/AnalogHat.uasset" 139
"../../../Engine/Content/MobileResources/HUD/VirtualJoystick_Background.uasset" 140
"../../../Engine/Content/MobileResources/HUD/VirtualJoystick_Thumb.uasset" 141
"../../../Engine/Content/MobileResources/HUD/DefaultVirtualJoysticks.uasset" 142
"../../../Engine/Content/MobileResources/HUD/LeftVirtualJoystickOnly.uasset" 143
"../../../Engine/Content/MobileResources/HUD/MobileHUDButton1_off.uasset" 144
"../../../Engine/Content/MobileResources/HUD/MobileHUDButton1_on.uasset" 145
"../../../Engine/Content/MobileResources/HUD/MobileHUDButton2_off.uasset" 146
"../../../Engine/Content/MobileResources/HUD/MobileHUDButton2_on.uasset" 147
"../../../Engine/Content/MobileResources/HUD/MobileHUDButton3.uasset" 148
"../../../Engine/Content/MobileResources/HUD/MobileHUDButtonFire.uasset" 149
"../../../Engine/Content/MobileResources/HUD/MobileHUDDirectionPad.uasset" 150
"../../../Engine/Content/MobileResources/HUD/MobileHUDDirectionPad2.uasset" 151
"../../../Engine/Content/MobileResources/HUD/MobileHUDDirectionPad3.uasset" 152
"../../../Engine/Content/MobileResources/HUD/MobileHUDDirectionStick.uasset" 153
"../../../Engine/Content/MobileResources/HUD/T_Castle_ThumbstickInner.uasset" 154
"../../../Engine/Content/MobileResources/HUD/T_Castle_ThumbstickOutter.uasset" 155
"../../../Engine/Content/Tutorial/ContentIntroCurve.uasset" 156
"../../../Engine/Content/Tutorial/Basics/TutorialAssets/icon_tab_Levels_40x.uasset" 157
"../../../Engine/Content/Tutorial/BlueprintTutorials/TutorialAssets/BlueprintInterface_64x.uasset" 158
"../../../Engine/Content/Tutorial/BlueprintTutorials/TutorialAssets/BlueprintMacroLibrary_64x.uasset" 159
"../../../Engine/Content/Tutorial/BlueprintTutorials/TutorialAssets/Blueprint_64x.uasset" 160
"../../../Engine/Content/Tutorial/BlueprintTutorials/TutorialAssets/Tutorial_BP_Interface.uasset" 161
"../../../Engine/Content/Tutorial/Foliage/TutorialAssets/Foliage.uasset" 162
"../../../Engine/Content/Tutorial/Landscape/TutorialAssets/Landscape.uasset" 163
"../../../Engine/Content/Tutorial/Paper2D/TutorialAssets/Paper2DFlipbook_TutorialIcon.uasset" 164
"../../../Engine/Content/Tutorial/Paper2D/TutorialAssets/Paper2DSprite_TutorialIcon.uasset" 165
"../../../Engine/Content/Tutorial/SubEditors/TutorialAssets/icon_Editor_Preferences_General_40x.uasset" 166
"../../../Engine/Content/Tutorial/SubEditors/TutorialAssets/icon_ShowSkeletalMeshes_40x.uasset" 167
"../../../Engine/Content/Tutorial/SubEditors/TutorialAssets/TutorialMaterial.uasset" 168
"../../../Engine/Content/Tutorial/SubEditors/TutorialAssets/T_SmokeSubUV_8X8.uasset" 169
"../../../Engine/Content/Tutorial/SubEditors/TutorialAssets/T_soft_smoke.uasset" 170
"../../../Engine/Content/Tutorial/SubEditors/TutorialAssets/M_smoke_subUV_blackbody.uasset" 171
"../../../Engine/Content/Tutorial/SubEditors/TutorialAssets/TutorialParticleSystem.uasset" 172
"../../../Engine/Content/VREditor/Devices/Generic/GenericHMDMaterial.uasset" 173
"../../../Engine/Content/VREditor/Devices/Generic/GenericHMD.uasset" 174
"../../../Engine/Content/VREditor/FloatingText/LineMaterial.uasset" 175
"../../../Engine/Content/VREditor/FloatingText/JointSphere.uasset" 176
"../../../Engine/Content/VREditor/FloatingText/LineSegmentCylinder.uasset" 177
"../../../Engine/Content/VREditor/Fonts/VRText_RobotoLarge.uasset" 178
"../../../Engine/Content/VREditor/Fonts/VRTextMaterial.uasset" 179
"../../../Engine/Content/VREditor/Fonts/TranslucentVRTextMaterial.uasset" 180
"../../../Engine/Content/VREditor/LaserPointer/CursorPointer.uasset" 181
"../../../Engine/Content/VREditor/LaserPointer/VR_LaserPower_01.uasset" 182
"../../../Engine/Content/VREditor/TransformGizmo/TransformGizmoMaterial.uasset" 183
"../../../Engine/Content/VREditor/LaserPointer/HoverMaterial.uasset" 184
"../../../Engine/Content/VREditor/TransformGizmo/TranslucentTransformGizmoMaterial.uasset" 185
"../../../Engine/Content/VREditor/LaserPointer/TranslucentHoverMaterial.uasset" 186
"../../../Engine/Content/VREditor/LaserPointer/HoverMesh.uasset" 187
"../../../Engine/Content/VREditor/LaserPointer/LaserPointerMaterial.uasset" 188
"../../../Engine/Content/VREditor/LaserPointer/LaserPointerMaterialInst.uasset" 189
"../../../Engine/Content/VREditor/LaserPointer/TranslucentLaserPointerMaterialInst.uasset" 190
"../../../Engine/Content/VREditor/LaserPointer/LaserPointerMesh.uasset" 191
"../../../Engine/Content/VREditor/LaserPointer/LaserPointerMesh_End.uasset" 192
"../../../Engine/Content/VREditor/LaserPointer/LaserPointerMesh_Start.uasset" 193
"../../../Engine/Content/Functions/Engine_MaterialFunctions02/Utility/BreakOutFloat3Components.uasset" 194
"../../../Engine/Content/Functions/Engine_MaterialFunctions02/Math/Transform3x3Matrix.uasset" 195
"../../../Engine/Content/Functions/Engine_MaterialFunctions02/SplitComponents.uasset" 196
"../../../Engine/Content/Functions/Engine_MaterialFunctions02/Utility/MakeFloat3.uasset" 197
"../../../Engine/Content/VREditor/SnapGrid/SnapGridMaterial.uasset" 198
"../../../Engine/Content/VREditor/SnapGrid/SnapGridPlaneMesh.uasset" 199
"../../../Engine/Content/VREditor/Sounds/VR_teleport.uasset" 200
"../../../Engine/Content/VREditor/Sounds/UI/Click_on_Button_Cue.uasset" 201
"../../../Engine/Content/VREditor/Sounds/UI/Dockable_Window_Close.uasset" 202
"../../../Engine/Content/VREditor/Sounds/UI/Dockable_Window_Drop.uasset" 203
"../../../Engine/Content/VREditor/Sounds/UI/Dockable_Window_Open.uasset" 204
"../../../Engine/Content/VREditor/Sounds/UI/Dockable_Window_Pick_Up.uasset" 205
"../../../Engine/Content/VREditor/Sounds/UI/Drop_Item_From_ContentBrowser.uasset" 206
"../../../Engine/Content/VREditor/Sounds/UI/Floating_UI_Open-001.uasset" 207
"../../../Engine/Content/VREditor/Sounds/UI/Gizmo_Handle_Clicked.uasset" 208
"../../../Engine/Content/VREditor/Sounds/UI/Object_PickUp.uasset" 209
"../../../Engine/Content/VREditor/Sounds/UI/Object_Snaps_To_Another_Actor.uasset" 210
"../../../Engine/Content/VREditor/Sounds/UI/Object_Snaps_To_Grid.uasset" 211
"../../../Engine/Content/VREditor/Sounds/UI/Radial_Menu_FadeOut.uasset" 212
"../../../Engine/Content/VREditor/Sounds/UI/Scaling_Down.uasset" 213
"../../../Engine/Content/VREditor/Sounds/UI/Scaling_Up.uasset" 214
"../../../Engine/Content/VREditor/Sounds/UI/Selection_Changes.uasset" 215
"../../../Engine/Content/VREditor/Sounds/UI/Teleport_Mode_Entered.uasset" 216
"../../../Engine/Content/VREditor/Teleport/TeleportDirectionMaterial.uasset" 217
"../../../Engine/Content/VREditor/Teleport/TeleportDirectionMaterial_Inst.uasset" 218
"../../../Engine/Content/VREditor/Teleport/TeleportDirectionMesh.uasset" 219
"../../../Engine/Content/VREditor/TransformGizmo/BoundingBoxCorner.uasset" 220
"../../../Engine/Content/VREditor/TransformGizmo/BoundingBoxEdge.uasset" 221
"../../../Engine/Content/VREditor/TransformGizmo/PlaneTranslationHandle.uasset" 222
"../../../Engine/Content/VREditor/TransformGizmo/RotationHandleFull.uasset" 223
"../../../Engine/Content/VREditor/TransformGizmo/RotationHandleIndicator.uasset" 224
"../../../Engine/Content/VREditor/TransformGizmo/RotationHandleQuarter.uasset" 225
"../../../Engine/Content/VREditor/TransformGizmo/Main.uasset" 226
"../../../Engine/Content/VREditor/TransformGizmo/Xray.uasset" 227
"../../../Engine/Content/VREditor/TransformGizmo/SM_Dialog_Close.uasset" 228
"../../../Engine/Content/VREditor/TransformGizmo/SM_Dialog_Move.uasset" 229
"../../../Engine/Content/VREditor/TransformGizmo/SM_Sequencer_Key.uasset" 230
"../../../Engine/Content/VREditor/TransformGizmo/SM_Sequencer_Node.uasset" 231
"../../../Engine/Content/VREditor/TransformGizmo/StartRotationHandleIndicator.uasset" 232
"../../../Engine/Content/VREditor/TransformGizmo/TranslucentTransformGizmoMaterial_Inst.uasset" 233
"../../../Engine/Content/VREditor/TransformGizmo/TransformGizmoFreeRotation.uasset" 234
"../../../Engine/Content/VREditor/TransformGizmo/TransformGizmoMaterial_Inst.uasset" 235
"../../../Engine/Content/VREditor/TransformGizmo/TranslateArrowHandle.uasset" 236
"../../../Engine/Content/VREditor/TransformGizmo/UniformScaleHandle.uasset" 237
"../../../Engine/Content/VREditor/UI/KeyDiskMaterial.uasset" 238
"../../../Engine/Content/VREditor/UI/DiscMaterial.uasset" 239
"../../../Engine/Content/VREditor/UI/SM_Radial_Disk.uasset" 240
"../../../Engine/Content/Functions/Engine_MaterialFunctions01/Gradient/RadialGradient.uasset" 241
"../../../Engine/Content/VREditor/WorldMovementGrid/SimpleGrid.uasset" 242
"../../../Engine/Content/VREditor/WorldMovementGrid/GridMaterial.uasset" 243
"../../../Engine/Content/Functions/Engine_MaterialFunctions01/Density/ExponentialDensity.uasset" 244
"../../../Engine/Content/VREditor/WorldMovementGrid/GridPostProcess.uasset" 245
"../../../Engine/Content/EditorLandscapeResources/FlattenHeightMat.uasset" 246
"../../../Engine/Content/VREditor/WorldMovementGrid/PlaneMesh.uasset" 247
"../../../Engine/Plugins/2D/Paper2D/Content/PlaceholderTextures/DummySpriteTexture.uasset" 248
"../../../Engine/Plugins/2D/Paper2D/Content/DummySprite.uasset" 249
"../../../Engine/Plugins/2D/Paper2D/Content/DefaultPaperTerrainMaterial.uasset" 250
"../../../Engine/Plugins/2D/Paper2D/Content/MaskedUnlitSpriteMaterial.uasset" 251
"../../../Engine/Plugins/2D/Paper2D/Content/OpaqueUnlitSpriteMaterial.uasset" 252
"../../../Engine/Plugins/Media/MediaCompositing/Content/DefaultMediaPlaneMaterial.uasset" 253
"../../../Engine/Content/Functions/Engine_MaterialFunctions02/Utility/MakeFloat4.uasset" 254
"../../../Engine/Plugins/Runtime/AppleARKit/Content/ARKitCameraMaterial.uasset" 255
"../../../Engine/Plugins/Runtime/Oculus/OculusVR/Content/Textures/GearVRController_AO.uasset" 256
"../../../Engine/Plugins/Runtime/Oculus/OculusVR/Content/Textures/GearVRController_Color.uasset" 257
"../../../Engine/Plugins/Runtime/Oculus/OculusVR/Content/Textures/GearVRController_Normal.uasset" 258
"../../../Engine/Plugins/Runtime/Oculus/OculusVR/Content/Materials/GearVRControllerMaterial.uasset" 259
"../../../Engine/Plugins/Runtime/Oculus/OculusVR/Content/Meshes/GearVrController.uasset" 260
"../../../The_Ordinary_Odyssey/Content/Audio/166393__questiion__lost-moons-serious-as-an-attack-button.uasset" 261
"../../../The_Ordinary_Odyssey/Content/Pictures/Blurry_Dirty_LivingRoom.uasset" 262
"../../../The_Ordinary_Odyssey/Content/Pictures/Blurry_Dirty_LivingRoom_Sprite.uasset" 263
"../../../The_Ordinary_Odyssey/Content/Pictures/Laundry_Monster.uasset" 264
"../../../The_Ordinary_Odyssey/Content/Pictures/Laundry_Monster_Sprite.uasset" 265
"../../../The_Ordinary_Odyssey/Content/Pictures/Speech_Bubble.uasset" 266
"../../../The_Ordinary_Odyssey/Content/Pictures/Speech_Bubble_Sprite.uasset" 267
"../../../The_Ordinary_Odyssey/Content/Pictures/Unreal_Logo.uasset" 268
"../../../The_Ordinary_Odyssey/Content/Pictures/Unreal_Logo_Sprite.uasset" 269
"../../../The_Ordinary_Odyssey/Content/UI/Credits.uasset" 270
"../../../The_Ordinary_Odyssey/Content/Levels/Credits.umap" 271
"../../../The_Ordinary_Odyssey/Content/Assets/Background2.uasset" 272
"../../../The_Ordinary_Odyssey/Content/Assets/Gameover5.uasset" 273
"../../../The_Ordinary_Odyssey/Content/UI/GameOver.uasset" 274
"../../../The_Ordinary_Odyssey/Content/Levels/GameOver.umap" 275
"../../../The_Ordinary_Odyssey/Content/Audio/Komiku_-_57_-_Quiet_Saturday.uasset" 276
"../../../The_Ordinary_Odyssey/Content/Audio/Komiku_-_57_-_Quiet_Saturday_Cue.uasset" 277
"../../../The_Ordinary_Odyssey/Content/Pictures/LivingRoom_Background.uasset" 278
"../../../The_Ordinary_Odyssey/Content/Pictures/LivingRoom_Background_Sprite.uasset" 279
"../../../The_Ordinary_Odyssey/Content/Pictures/KitchenDoor_Dirty.uasset" 280
"../../../The_Ordinary_Odyssey/Content/Pictures/KitchenDoor_Dirty_Sprite.uasset" 281
"../../../The_Ordinary_Odyssey/Content/Pictures/LaundryRoom_Door.uasset" 282
"../../../The_Ordinary_Odyssey/Content/Pictures/LaundryRoom_Door_Sprite.uasset" 283
"../../../The_Ordinary_Odyssey/Content/Pictures/LivingRoom_Filth.uasset" 284
"../../../The_Ordinary_Odyssey/Content/Pictures/LivingRoom_Filth_Sprite.uasset" 285
"../../../The_Ordinary_Odyssey/Content/Pictures/Sticky_Note4.uasset" 286
"../../../The_Ordinary_Odyssey/Content/Pictures/UI_Background.uasset" 287
"../../../The_Ordinary_Odyssey/Content/Pictures/UI_Background_Sprite.uasset" 288
"../../../The_Ordinary_Odyssey/Content/Pictures/Upstairs_Sign.uasset" 289
"../../../The_Ordinary_Odyssey/Content/Pictures/Upstairs_Sign_Sprite.uasset" 290
"../../../The_Ordinary_Odyssey/Content/Pictures/Vacuum_Cleaner.uasset" 291
"../../../The_Ordinary_Odyssey/Content/Pictures/Vacuum_Cleaner_Sprite1.uasset" 292
"../../../The_Ordinary_Odyssey/Content/UI/Living_Room_UI.uasset" 293
"../../../The_Ordinary_Odyssey/Content/Levels/Living_Room.umap" 294
"../../../The_Ordinary_Odyssey/Content/Assets/The_Ordinary_Odyssey_Poster_Transparent.uasset" 295
"../../../The_Ordinary_Odyssey/Content/Audio/multimax2121__button-1.uasset" 296
"../../../The_Ordinary_Odyssey/Content/UI/Options.uasset" 297
"../../../The_Ordinary_Odyssey/Content/UI/MainMenu.uasset" 298
"../../../The_Ordinary_Odyssey/Content/Levels/MainMenu.umap" 299
"../../../The_Ordinary_Odyssey/Content/Audio/Defense_Line.uasset" 300
"../../../The_Ordinary_Odyssey/Content/Audio/Defense_Line_Cue.uasset" 301
"../../../The_Ordinary_Odyssey/Content/Pictures/Vacuum_Monster.uasset" 302
"../../../The_Ordinary_Odyssey/Content/Pictures/Vacuum_Monster_Sprite.uasset" 303
"../../../Engine/Content/EditorBlueprintResources/StandardMacros.uasset" 304
"../../../The_Ordinary_Odyssey/Content/UI/Battle_UI.uasset" 305
"../../../The_Ordinary_Odyssey/Content/Levels/Vacuum_Battle.umap" 306
"../../../The_Ordinary_Odyssey/Content/Assets/Youwin2.uasset" 307
"../../../The_Ordinary_Odyssey/Content/UI/WinScreen.uasset" 308
"../../../The_Ordinary_Odyssey/Content/Levels/WinGame.umap" 309
"../../../Engine/Content/Maps/Entry.umap" 310
